2023-11-30 09:05:49.643 [WARN ] [HikariPool-1 housekeeper HikariPool.java:804] run - HikariPool-1 - Thread starvation or clock leap detected (housekeeper delta=16h35m43s582ms785µs500ns).
2023-11-30 09:15:15.573 [INFO ] [SpringApplicationShutdownHook HikariDataSource.java:350] close - HikariPool-1 - Shutdown initiated...
2023-11-30 09:15:15.594 [INFO ] [SpringApplicationShutdownHook HikariDataSource.java:352] close - HikariPool-1 - Shutdown completed.
2023-11-30 09:19:45.527 [INFO ] [main StartupInfoLogger.java:51] logStarting - Starting PortalApplication using Java 19.0.2 with PID 7424 (D:\IntellijJProjects\scop-portal\portal\target\classes started by Mr.Lee in D:\IntellijJProjects\scop-portal\portal)
2023-11-30 09:19:45.529 [INFO ] [main SpringApplication.java:638] logStartupProfileInfo - No active profile set, falling back to 1 default profile: "local"
2023-11-30 09:19:46.616 [INFO ] [main TomcatWebServer.java:108] initialize - Tomcat initialized with port(s): 9530 (http)
2023-11-30 09:19:46.623 [INFO ] [main DirectJDKLog.java:173] log - Initializing ProtocolHandler ["http-nio-9530"]
2023-11-30 09:19:46.625 [INFO ] [main DirectJDKLog.java:173] log - Starting service [Tomcat]
2023-11-30 09:19:46.625 [INFO ] [main DirectJDKLog.java:173] log - Starting Servlet engine: [Apache Tomcat/10.1.15]
2023-11-30 09:19:46.704 [INFO ] [main DirectJDKLog.java:173] log - Initializing Spring embedded WebApplicationContext
2023-11-30 09:19:46.706 [INFO ] [main ServletWebServerApplicationContext.java:291] prepareWebApplicationContext - Root WebApplicationContext: initialization completed in 1134 ms
2023-11-30 09:19:46.757 [WARN ] [main AbstractApplicationContext.java:624] refresh - Exception encountered during context initialization - cancelling refresh attempt: org.springframework.beans.factory.UnsatisfiedDependencyException: Error creating bean with name 'emailService' defined in file [D:\IntellijJProjects\scop-portal\portal\target\classes\com\scop\portal\common\email\EmailService.class]: Unsatisfied dependency expressed through constructor parameter 0: Error creating bean with name 'emailConfig': Injection of autowired dependencies failed
2023-11-30 09:19:46.759 [INFO ] [main DirectJDKLog.java:173] log - Stopping service [Tomcat]
2023-11-30 09:19:46.787 [INFO ] [main ConditionEvaluationReportLogger.java:82] logMessage - 

Error starting ApplicationContext. To display the condition evaluation report re-run your application with 'debug' enabled.
2023-11-30 09:19:46.803 [ERROR] [main SpringApplication.java:824] reportFailure - Application run failed
org.springframework.beans.factory.UnsatisfiedDependencyException: Error creating bean with name 'emailService' defined in file [D:\IntellijJProjects\scop-portal\portal\target\classes\com\scop\portal\common\email\EmailService.class]: Unsatisfied dependency expressed through constructor parameter 0: Error creating bean with name 'emailConfig': Injection of autowired dependencies failed
	at org.springframework.beans.factory.support.ConstructorResolver.createArgumentArray(ConstructorResolver.java:801)
	at org.springframework.beans.factory.support.ConstructorResolver.autowireConstructor(ConstructorResolver.java:240)
	at org.springframework.beans.factory.support.AbstractAutowireCapableBeanFactory.autowireConstructor(AbstractAutowireCapableBeanFactory.java:1352)
	at org.springframework.beans.factory.support.AbstractAutowireCapableBeanFactory.createBeanInstance(AbstractAutowireCapableBeanFactory.java:1189)
	at org.springframework.beans.factory.support.AbstractAutowireCapableBeanFactory.doCreateBean(AbstractAutowireCapableBeanFactory.java:560)
	at org.springframework.beans.factory.support.AbstractAutowireCapableBeanFactory.createBean(AbstractAutowireCapableBeanFactory.java:520)
	at org.springframework.beans.factory.support.AbstractBeanFactory.lambda$doGetBean$0(AbstractBeanFactory.java:325)
	at org.springframework.beans.factory.support.DefaultSingletonBeanRegistry.getSingleton(DefaultSingletonBeanRegistry.java:234)
	at org.springframework.beans.factory.support.AbstractBeanFactory.doGetBean(AbstractBeanFactory.java:323)
	at org.springframework.beans.factory.support.AbstractBeanFactory.getBean(AbstractBeanFactory.java:199)
	at org.springframework.beans.factory.support.DefaultListableBeanFactory.preInstantiateSingletons(DefaultListableBeanFactory.java:973)
	at org.springframework.context.support.AbstractApplicationContext.finishBeanFactoryInitialization(AbstractApplicationContext.java:950)
	at org.springframework.context.support.AbstractApplicationContext.refresh(AbstractApplicationContext.java:616)
	at org.springframework.boot.web.servlet.context.ServletWebServerApplicationContext.refresh(ServletWebServerApplicationContext.java:146)
	at org.springframework.boot.SpringApplication.refresh(SpringApplication.java:738)
	at org.springframework.boot.SpringApplication.refreshContext(SpringApplication.java:440)
	at org.springframework.boot.SpringApplication.run(SpringApplication.java:316)
	at org.springframework.boot.SpringApplication.run(SpringApplication.java:1306)
	at org.springframework.boot.SpringApplication.run(SpringApplication.java:1295)
	at com.scop.portal.PortalApplication.main(PortalApplication.java:10)
Caused by: org.springframework.beans.factory.BeanCreationException: Error creating bean with name 'emailConfig': Injection of autowired dependencies failed
	at org.springframework.beans.factory.annotation.AutowiredAnnotationBeanPostProcessor.postProcessProperties(AutowiredAnnotationBeanPostProcessor.java:498)
	at org.springframework.beans.factory.support.AbstractAutowireCapableBeanFactory.populateBean(AbstractAutowireCapableBeanFactory.java:1416)
	at org.springframework.beans.factory.support.AbstractAutowireCapableBeanFactory.doCreateBean(AbstractAutowireCapableBeanFactory.java:597)
	at org.springframework.beans.factory.support.AbstractAutowireCapableBeanFactory.createBean(AbstractAutowireCapableBeanFactory.java:520)
	at org.springframework.beans.factory.support.AbstractBeanFactory.lambda$doGetBean$0(AbstractBeanFactory.java:325)
	at org.springframework.beans.factory.support.DefaultSingletonBeanRegistry.getSingleton(DefaultSingletonBeanRegistry.java:234)
	at org.springframework.beans.factory.support.AbstractBeanFactory.doGetBean(AbstractBeanFactory.java:323)
	at org.springframework.beans.factory.support.AbstractBeanFactory.getBean(AbstractBeanFactory.java:199)
	at org.springframework.beans.factory.support.ConstructorResolver.instantiateUsingFactoryMethod(ConstructorResolver.java:412)
	at org.springframework.beans.factory.support.AbstractAutowireCapableBeanFactory.instantiateUsingFactoryMethod(AbstractAutowireCapableBeanFactory.java:1332)
	at org.springframework.beans.factory.support.AbstractAutowireCapableBeanFactory.createBeanInstance(AbstractAutowireCapableBeanFactory.java:1162)
	at org.springframework.beans.factory.support.AbstractAutowireCapableBeanFactory.doCreateBean(AbstractAutowireCapableBeanFactory.java:560)
	at org.springframework.beans.factory.support.AbstractAutowireCapableBeanFactory.createBean(AbstractAutowireCapableBeanFactory.java:520)
	at org.springframework.beans.factory.support.AbstractBeanFactory.lambda$doGetBean$0(AbstractBeanFactory.java:325)
	at org.springframework.beans.factory.support.DefaultSingletonBeanRegistry.getSingleton(DefaultSingletonBeanRegistry.java:234)
	at org.springframework.beans.factory.support.AbstractBeanFactory.doGetBean(AbstractBeanFactory.java:323)
	at org.springframework.beans.factory.support.AbstractBeanFactory.getBean(AbstractBeanFactory.java:199)
	at org.springframework.beans.factory.config.DependencyDescriptor.resolveCandidate(DependencyDescriptor.java:254)
	at org.springframework.beans.factory.support.DefaultListableBeanFactory.doResolveDependency(DefaultListableBeanFactory.java:1417)
	at org.springframework.beans.factory.support.DefaultListableBeanFactory.resolveDependency(DefaultListableBeanFactory.java:1337)
	at org.springframework.beans.factory.support.ConstructorResolver.resolveAutowiredArgument(ConstructorResolver.java:910)
	at org.springframework.beans.factory.support.ConstructorResolver.createArgumentArray(ConstructorResolver.java:788)
	... 19 common frames omitted
Caused by: java.lang.IllegalArgumentException: Could not resolve placeholder 'spring.mail.host' in value "${spring.mail.host}"
	at org.springframework.util.PropertyPlaceholderHelper.parseStringValue(PropertyPlaceholderHelper.java:180)
	at org.springframework.util.PropertyPlaceholderHelper.replacePlaceholders(PropertyPlaceholderHelper.java:126)
	at org.springframework.core.env.AbstractPropertyResolver.doResolvePlaceholders(AbstractPropertyResolver.java:239)
	at org.springframework.core.env.AbstractPropertyResolver.resolveRequiredPlaceholders(AbstractPropertyResolver.java:210)
	at org.springframework.context.support.PropertySourcesPlaceholderConfigurer.lambda$processProperties$0(PropertySourcesPlaceholderConfigurer.java:200)
	at org.springframework.beans.factory.support.AbstractBeanFactory.resolveEmbeddedValue(AbstractBeanFactory.java:918)
	at org.springframework.beans.factory.support.DefaultListableBeanFactory.doResolveDependency(DefaultListableBeanFactory.java:1358)
	at org.springframework.beans.factory.support.DefaultListableBeanFactory.resolveDependency(DefaultListableBeanFactory.java:1337)
	at org.springframework.beans.factory.annotation.AutowiredAnnotationBeanPostProcessor$AutowiredFieldElement.resolveFieldValue(AutowiredAnnotationBeanPostProcessor.java:764)
	at org.springframework.beans.factory.annotation.AutowiredAnnotationBeanPostProcessor$AutowiredFieldElement.inject(AutowiredAnnotationBeanPostProcessor.java:747)
	at org.springframework.beans.factory.annotation.InjectionMetadata.inject(InjectionMetadata.java:145)
	at org.springframework.beans.factory.annotation.AutowiredAnnotationBeanPostProcessor.postProcessProperties(AutowiredAnnotationBeanPostProcessor.java:492)
	... 40 common frames omitted
2023-11-30 09:21:15.645 [INFO ] [main StartupInfoLogger.java:51] logStarting - Starting PortalApplication using Java 19.0.2 with PID 24504 (D:\IntellijJProjects\scop-portal\portal\target\classes started by Mr.Lee in D:\IntellijJProjects\scop-portal\portal)
2023-11-30 09:21:15.646 [INFO ] [main SpringApplication.java:638] logStartupProfileInfo - No active profile set, falling back to 1 default profile: "local"
2023-11-30 09:21:16.482 [INFO ] [main TomcatWebServer.java:108] initialize - Tomcat initialized with port(s): 9530 (http)
2023-11-30 09:21:16.488 [INFO ] [main DirectJDKLog.java:173] log - Initializing ProtocolHandler ["http-nio-9530"]
2023-11-30 09:21:16.489 [INFO ] [main DirectJDKLog.java:173] log - Starting service [Tomcat]
2023-11-30 09:21:16.489 [INFO ] [main DirectJDKLog.java:173] log - Starting Servlet engine: [Apache Tomcat/10.1.15]
2023-11-30 09:21:16.559 [INFO ] [main DirectJDKLog.java:173] log - Initializing Spring embedded WebApplicationContext
2023-11-30 09:21:16.560 [INFO ] [main ServletWebServerApplicationContext.java:291] prepareWebApplicationContext - Root WebApplicationContext: initialization completed in 879 ms
2023-11-30 09:21:17.170 [INFO ] [main DefaultSecurityFilterChain.java:54] <init> - Will secure any request with [org.springframework.security.web.session.DisableEncodeUrlFilter@56fda064, org.springframework.security.web.context.request.async.WebAsyncManagerIntegrationFilter@6cdee57, org.springframework.security.web.context.SecurityContextHolderFilter@255d9277, org.springframework.security.web.header.HeaderWriterFilter@6c2a95d5, org.springframework.security.web.authentication.logout.LogoutFilter@11c581a0, org.springframework.security.web.authentication.UsernamePasswordAuthenticationFilter@54495935, org.springframework.security.web.savedrequest.RequestCacheAwareFilter@7e191fda, org.springframework.security.web.servletapi.SecurityContextHolderAwareRequestFilter@e3899fd, org.springframework.security.web.authentication.AnonymousAuthenticationFilter@482f7af0, org.springframework.security.web.access.ExceptionTranslationFilter@527937d0, org.springframework.security.web.access.intercept.AuthorizationFilter@87f501f]
2023-11-30 09:21:17.349 [INFO ] [main DirectJDKLog.java:173] log - Starting ProtocolHandler ["http-nio-9530"]
2023-11-30 09:21:17.368 [INFO ] [main TomcatWebServer.java:220] start - Tomcat started on port(s): 9530 (http) with context path ''
2023-11-30 09:21:17.377 [INFO ] [main StartupInfoLogger.java:57] logStarted - Started PortalApplication in 2.155 seconds (process running for 2.786)
2023-11-30 09:39:53.576 [INFO ] [main StartupInfoLogger.java:51] logStarting - Starting PortalApplication using Java 19.0.2 with PID 26372 (D:\IntellijJProjects\scop-portal\portal\target\classes started by Mr.Lee in D:\IntellijJProjects\scop-portal\portal)
2023-11-30 09:39:53.579 [INFO ] [main SpringApplication.java:638] logStartupProfileInfo - No active profile set, falling back to 1 default profile: "local"
2023-11-30 09:39:54.555 [INFO ] [main TomcatWebServer.java:108] initialize - Tomcat initialized with port(s): 9530 (http)
2023-11-30 09:39:54.562 [INFO ] [main DirectJDKLog.java:173] log - Initializing ProtocolHandler ["http-nio-9530"]
2023-11-30 09:39:54.563 [INFO ] [main DirectJDKLog.java:173] log - Starting service [Tomcat]
2023-11-30 09:39:54.564 [INFO ] [main DirectJDKLog.java:173] log - Starting Servlet engine: [Apache Tomcat/10.1.15]
2023-11-30 09:39:54.643 [INFO ] [main DirectJDKLog.java:173] log - Initializing Spring embedded WebApplicationContext
2023-11-30 09:39:54.644 [INFO ] [main ServletWebServerApplicationContext.java:291] prepareWebApplicationContext - Root WebApplicationContext: initialization completed in 1025 ms
2023-11-30 09:39:55.164 [INFO ] [main DefaultSecurityFilterChain.java:54] <init> - Will secure any request with [org.springframework.security.web.session.DisableEncodeUrlFilter@13192275, org.springframework.security.web.context.request.async.WebAsyncManagerIntegrationFilter@79195c22, org.springframework.security.web.context.SecurityContextHolderFilter@4bc9ca97, org.springframework.security.web.header.HeaderWriterFilter@115c946b, org.springframework.security.web.authentication.logout.LogoutFilter@7d484fcd, org.springframework.security.web.authentication.UsernamePasswordAuthenticationFilter@241b971f, org.springframework.security.web.savedrequest.RequestCacheAwareFilter@147cc940, org.springframework.security.web.servletapi.SecurityContextHolderAwareRequestFilter@23e61112, org.springframework.security.web.authentication.AnonymousAuthenticationFilter@c9b5a99, org.springframework.security.web.access.ExceptionTranslationFilter@4d4c1ba9, org.springframework.security.web.access.intercept.AuthorizationFilter@26b3c9a2]
2023-11-30 09:39:55.317 [INFO ] [main DirectJDKLog.java:173] log - Starting ProtocolHandler ["http-nio-9530"]
2023-11-30 09:39:55.336 [INFO ] [main TomcatWebServer.java:220] start - Tomcat started on port(s): 9530 (http) with context path ''
2023-11-30 09:39:55.343 [INFO ] [main StartupInfoLogger.java:57] logStarted - Started PortalApplication in 2.254 seconds (process running for 3.214)
2023-11-30 09:40:34.987 [INFO ] [http-nio-9530-exec-1 DirectJDKLog.java:173] log - Initializing Spring DispatcherServlet 'dispatcherServlet'
2023-11-30 09:40:34.988 [INFO ] [http-nio-9530-exec-1 FrameworkServlet.java:532] initServletBean - Initializing Servlet 'dispatcherServlet'
2023-11-30 09:40:34.990 [INFO ] [http-nio-9530-exec-1 FrameworkServlet.java:554] initServletBean - Completed initialization in 2 ms
2023-11-30 09:40:35.182 [WARN ] [http-nio-9530-exec-1 DirectJDKLog.java:173] log - Creation of SecureRandom instance for session ID generation using [SHA1PRNG] took [143] milliseconds.
2023-11-30 09:40:37.809 [INFO ] [http-nio-9530-exec-3 HikariDataSource.java:110] getConnection - HikariPool-1 - Starting...
2023-11-30 09:40:37.898 [INFO ] [http-nio-9530-exec-3 HikariPool.java:565] checkFailFast - HikariPool-1 - Added connection net.sf.log4jdbc.sql.jdbcapi.ConnectionSpy@2bc92c80
2023-11-30 09:40:37.901 [INFO ] [http-nio-9530-exec-3 HikariDataSource.java:123] getConnection - HikariPool-1 - Start completed.
2023-11-30 09:40:37.918 [DEBUG] [http-nio-9530-exec-3 Slf4jSpyLogDelegator.java:368] sqlTimingOccurred -  com.zaxxer.hikari.pool.ProxyPreparedStatement.execute(ProxyPreparedStatement.java:44)
1. SELECT id, pw
		  FROM Member
		WHERE id = '1'
 {executed in 3 msec}
2023-11-30 09:40:37.936 [INFO ] [http-nio-9530-exec-3 Slf4jSpyLogDelegator.java:610] resultSetCollected - 
|---|-----|
|id |pw   |
|---|-----|
|1  |1234 |
|---|-----|

2023-11-30 09:40:37.944 [INFO ] [http-nio-9530-exec-3 AuthServiceImpl.java:23] selectUser - member >>>>> com.scop.portal.domain.Member@1d244bca
2023-11-30 09:40:37.945 [DEBUG] [http-nio-9530-exec-3 Slf4jSpyLogDelegator.java:368] sqlTimingOccurred -  com.zaxxer.hikari.pool.ProxyPreparedStatement.execute(ProxyPreparedStatement.java:44)
1. SELECT id, pw
		  FROM Member
		WHERE id = '1'
 {executed in 0 msec}
2023-11-30 09:40:37.947 [INFO ] [http-nio-9530-exec-3 Slf4jSpyLogDelegator.java:610] resultSetCollected - 
|---|-----|
|id |pw   |
|---|-----|
|1  |1234 |
|---|-----|

2023-11-30 09:40:39.550 [DEBUG] [http-nio-9530-exec-5 Slf4jSpyLogDelegator.java:368] sqlTimingOccurred -  com.zaxxer.hikari.pool.ProxyPreparedStatement.execute(ProxyPreparedStatement.java:44)
1. SELECT *
		  FROM ADMIN
 {executed in 0 msec}
2023-11-30 09:40:39.553 [INFO ] [http-nio-9530-exec-5 Slf4jSpyLogDelegator.java:610] resultSetCollected - 
|--------|--------|------------|---------|-----|
|adminid |adminnm |telno       |password |memo |
|--------|--------|------------|---------|-----|
|1       |name    |01022222222 |password |memo |
|2       |name    |01022222222 |password |memo |
|3       |name    |01022222222 |password |memo |
|4       |name    |01022222222 |password |memo |
|5       |name    |01022222222 |password |memo |
|6       |name    |01022222222 |password |memo |
|7       |name    |01022222222 |password |memo |
|8       |name    |01022222222 |password |memo |
|9       |name    |01022222222 |password |memo |
|10      |name    |01022222222 |password |memo |
|20      |name    |01022222222 |password |memo |
|21      |name    |01022222222 |password |memo |
|22      |name    |01022222222 |password |memo |
|--------|--------|------------|---------|-----|

2023-11-30 09:43:07.755 [INFO ] [SpringApplicationShutdownHook HikariDataSource.java:350] close - HikariPool-1 - Shutdown initiated...
2023-11-30 09:43:07.760 [INFO ] [SpringApplicationShutdownHook HikariDataSource.java:352] close - HikariPool-1 - Shutdown completed.
